<?xml version="1.0" encoding="utf-8"?>
<!DOCTYPE coverage SYSTEM "http://cobertura.sourceforge.net/xml/coverage-04.dtd">
<coverage line-rate="0.976744186046512" branch-rate="1" lines-covered="42" lines-valid="43" branches-covered="6" branches-valid="6" complexity="10" version="0" timestamp="1723220727">
  <sources>
    <source>C:\Users\PC\</source>
  </sources>
  <packages>
    <package name="TestProject1" line-rate="0.976744186046512" branch-rate="1" complexity="10">
      <classes>
        <class name="AutoGeneratedProgram" filename="C:\Users\PC\.nuget\packages\microsoft.net.test.sdk\17.1.0\build\netcoreapp2.1\Microsoft.NET.Test.Sdk.Program.cs" line-rate="0" branch-rate="1" complexity="1">
          <methods>
            <method name="Main" signature="(...)" line-rate="0" branch-rate="1" complexity="1">
              <lines>
                <line number="4" hits="0" branch="false" />
              </lines>
            </method>
          </methods>
          <lines>
            <line number="4" hits="0" branch="false" />
          </lines>
        </class>
        <class name="TestProject1.TestCalculator" filename="C:\Users\PC\Desktop\2-SeleniumWebDriver\TestProject1\TestCalculator.cs" line-rate="1" branch-rate="1" complexity="9">
          <methods>
            <method name="SetUp" signature="()" line-rate="1" branch-rate="1" complexity="1">
              <lines>
                <line number="22" hits="1" branch="false" />
                <line number="23" hits="1" branch="false" />
                <line number="24" hits="1" branch="false" />
                <line number="25" hits="1" branch="false" />
                <line number="26" hits="1" branch="false" />
                <line number="27" hits="1" branch="false" />
                <line number="28" hits="1" branch="false" />
                <line number="29" hits="1" branch="false" />
                <line number="30" hits="1" branch="false" />
                <line number="32" hits="1" branch="false" />
                <line number="34" hits="1" branch="false" />
                <line number="35" hits="1" branch="false" />
                <line number="37" hits="1" branch="false" />
                <line number="38" hits="1" branch="false" />
                <line number="39" hits="1" branch="false" />
                <line number="40" hits="1" branch="false" />
                <line number="41" hits="1" branch="false" />
                <line number="42" hits="1" branch="false" />
                <line number="43" hits="1" branch="false" />
              </lines>
            </method>
            <method name="TearDown" signature="()" line-rate="1" branch-rate="1" complexity="1">
              <lines>
                <line number="47" hits="1" branch="false" />
                <line number="48" hits="1" branch="false" />
                <line number="49" hits="1" branch="false" />
              </lines>
            </method>
            <method name="PerformCalculation" signature="(...)" line-rate="1" branch-rate="1" complexity="6">
              <lines>
                <line number="53" hits="5" branch="false" />
                <line number="55" hits="5" branch="false" />
                <line number="58" hits="5" branch="true" condition-coverage="100% (2/2)" />
                <line number="59" hits="5" branch="false" />
                <line number="60" hits="5" branch="false" />
                <line number="61" hits="5" branch="false" />
                <line number="63" hits="5" branch="true" condition-coverage="100% (2/2)" />
                <line number="64" hits="5" branch="false" />
                <line number="65" hits="5" branch="false" />
                <line number="66" hits="5" branch="false" />
                <line number="68" hits="5" branch="true" condition-coverage="100% (2/2)" />
                <line number="69" hits="5" branch="false" />
                <line number="70" hits="5" branch="false" />
                <line number="71" hits="5" branch="false" />
                <line number="74" hits="5" branch="false" />
                <line number="77" hits="5" branch="false" />
                <line number="78" hits="5" branch="false" />
              </lines>
            </method>
            <method name="TestNumberCalculator" signature="(...)" line-rate="1" branch-rate="1" complexity="1">
              <lines>
                <line number="88" hits="5" branch="false" />
                <line number="89" hits="5" branch="false" />
                <line number="90" hits="5" branch="false" />
              </lines>
            </method>
          </methods>
          <lines>
            <line number="22" hits="1" branch="false" />
            <line number="23" hits="1" branch="false" />
            <line number="24" hits="1" branch="false" />
            <line number="25" hits="1" branch="false" />
            <line number="26" hits="1" branch="false" />
            <line number="27" hits="1" branch="false" />
            <line number="28" hits="1" branch="false" />
            <line number="29" hits="1" branch="false" />
            <line number="30" hits="1" branch="false" />
            <line number="32" hits="1" branch="false" />
            <line number="34" hits="1" branch="false" />
            <line number="35" hits="1" branch="false" />
            <line number="37" hits="1" branch="false" />
            <line number="38" hits="1" branch="false" />
            <line number="39" hits="1" branch="false" />
            <line number="40" hits="1" branch="false" />
            <line number="41" hits="1" branch="false" />
            <line number="42" hits="1" branch="false" />
            <line number="43" hits="1" branch="false" />
            <line number="47" hits="1" branch="false" />
            <line number="48" hits="1" branch="false" />
            <line number="49" hits="1" branch="false" />
            <line number="53" hits="5" branch="false" />
            <line number="55" hits="5" branch="false" />
            <line number="58" hits="5" branch="true" condition-coverage="100% (2/2)" />
            <line number="59" hits="5" branch="false" />
            <line number="60" hits="5" branch="false" />
            <line number="61" hits="5" branch="false" />
            <line number="63" hits="5" branch="true" condition-coverage="100% (2/2)" />
            <line number="64" hits="5" branch="false" />
            <line number="65" hits="5" branch="false" />
            <line number="66" hits="5" branch="false" />
            <line number="68" hits="5" branch="true" condition-coverage="100% (2/2)" />
            <line number="69" hits="5" branch="false" />
            <line number="70" hits="5" branch="false" />
            <line number="71" hits="5" branch="false" />
            <line number="74" hits="5" branch="false" />
            <line number="77" hits="5" branch="false" />
            <line number="78" hits="5" branch="false" />
            <line number="88" hits="5" branch="false" />
            <line number="89" hits="5" branch="false" />
            <line number="90" hits="5" branch="false" />
          </lines>
        </class>
      </classes>
    </package>
  </packages>
</coverage>