<?xml version="1.0" encoding="utf-8"?>
<!DOCTYPE coverage SYSTEM "http://cobertura.sourceforge.net/xml/coverage-04.dtd">
<coverage line-rate="0.979166666666667" branch-rate="1" lines-covered="47" lines-valid="48" branches-covered="10" branches-valid="10" complexity="12" version="0" timestamp="1723220948">
  <sources>
    <source>C:\Users\PC\</source>
  </sources>
  <packages>
    <package name="TestProject3" line-rate="0.979166666666667" branch-rate="1" complexity="12">
      <classes>
        <class name="AutoGeneratedProgram" filename="C:\Users\PC\.nuget\packages\microsoft.net.test.sdk\17.1.0\build\netcoreapp2.1\Microsoft.NET.Test.Sdk.Program.cs" line-rate="0" branch-rate="1" complexity="1">
          <methods>
            <method name="Main" signature="(...)" line-rate="0" branch-rate="1" complexity="1">
              <lines>
                <line number="4" hits="0" branch="false" />
              </lines>
            </method>
          </methods>
          <lines>
            <line number="4" hits="0" branch="false" />
          </lines>
        </class>
        <class name="TestProject3.WorkingWithDropDown" filename="C:\Users\PC\Desktop\2-SeleniumWebDriver\TestProject3\DropDown.cs" line-rate="1" branch-rate="1" complexity="11">
          <methods>
            <method name="SetUp" signature="()" line-rate="1" branch-rate="1" complexity="1">
              <lines>
                <line number="17" hits="1" branch="false" />
                <line number="19" hits="1" branch="false" />
                <line number="20" hits="1" branch="false" />
                <line number="21" hits="1" branch="false" />
                <line number="22" hits="1" branch="false" />
                <line number="23" hits="1" branch="false" />
                <line number="24" hits="1" branch="false" />
                <line number="25" hits="1" branch="false" />
                <line number="26" hits="1" branch="false" />
                <line number="28" hits="1" branch="false" />
                <line number="31" hits="1" branch="false" />
                <line number="32" hits="1" branch="false" />
              </lines>
            </method>
            <method name="TestSelectFromDropDown" signature="()" line-rate="1" branch-rate="1" complexity="10">
              <lines>
                <line number="36" hits="1" branch="false" />
                <line number="38" hits="1" branch="false" />
                <line number="41" hits="1" branch="false" />
                <line number="44" hits="1" branch="true" condition-coverage="100% (2/2)" />
                <line number="45" hits="1" branch="false" />
                <line number="46" hits="1" branch="false" />
                <line number="47" hits="1" branch="false" />
                <line number="50" hits="1" branch="false" />
                <line number="53" hits="1" branch="false" />
                <line number="56" hits="1" branch="false" />
                <line number="59" hits="25" branch="true" condition-coverage="100% (2/2)" />
                <line number="60" hits="11" branch="false" />
                <line number="61" hits="11" branch="false" />
                <line number="62" hits="11" branch="false" />
                <line number="64" hits="1" branch="false" />
                <line number="68" hits="23" branch="true" condition-coverage="100% (2/2)" />
                <line number="69" hits="10" branch="false" />
                <line number="70" hits="10" branch="false" />
                <line number="71" hits="10" branch="false" />
                <line number="73" hits="10" branch="true" condition-coverage="100% (2/2)" />
                <line number="74" hits="2" branch="false" />
                <line number="75" hits="2" branch="false" />
                <line number="76" hits="2" branch="false" />
                <line number="78" hits="8" branch="false" />
                <line number="80" hits="8" branch="false" />
                <line number="83" hits="8" branch="false" />
                <line number="84" hits="8" branch="false" />
                <line number="87" hits="96" branch="true" condition-coverage="100% (2/2)" />
                <line number="88" hits="36" branch="false" />
                <line number="89" hits="36" branch="false" />
                <line number="90" hits="36" branch="false" />
                <line number="91" hits="8" branch="false" />
                <line number="92" hits="10" branch="false" />
                <line number="95" hits="1" branch="false" />
                <line number="96" hits="1" branch="false" />
              </lines>
            </method>
          </methods>
          <lines>
            <line number="17" hits="1" branch="false" />
            <line number="19" hits="1" branch="false" />
            <line number="20" hits="1" branch="false" />
            <line number="21" hits="1" branch="false" />
            <line number="22" hits="1" branch="false" />
            <line number="23" hits="1" branch="false" />
            <line number="24" hits="1" branch="false" />
            <line number="25" hits="1" branch="false" />
            <line number="26" hits="1" branch="false" />
            <line number="28" hits="1" branch="false" />
            <line number="31" hits="1" branch="false" />
            <line number="32" hits="1" branch="false" />
            <line number="36" hits="1" branch="false" />
            <line number="38" hits="1" branch="false" />
            <line number="41" hits="1" branch="false" />
            <line number="44" hits="1" branch="true" condition-coverage="100% (2/2)" />
            <line number="45" hits="1" branch="false" />
            <line number="46" hits="1" branch="false" />
            <line number="47" hits="1" branch="false" />
            <line number="50" hits="1" branch="false" />
            <line number="53" hits="1" branch="false" />
            <line number="56" hits="1" branch="false" />
            <line number="59" hits="25" branch="true" condition-coverage="100% (2/2)" />
            <line number="60" hits="11" branch="false" />
            <line number="61" hits="11" branch="false" />
            <line number="62" hits="11" branch="false" />
            <line number="64" hits="1" branch="false" />
            <line number="68" hits="23" branch="true" condition-coverage="100% (2/2)" />
            <line number="69" hits="10" branch="false" />
            <line number="70" hits="10" branch="false" />
            <line number="71" hits="10" branch="false" />
            <line number="73" hits="10" branch="true" condition-coverage="100% (2/2)" />
            <line number="74" hits="2" branch="false" />
            <line number="75" hits="2" branch="false" />
            <line number="76" hits="2" branch="false" />
            <line number="78" hits="8" branch="false" />
            <line number="80" hits="8" branch="false" />
            <line number="83" hits="8" branch="false" />
            <line number="84" hits="8" branch="false" />
            <line number="87" hits="96" branch="true" condition-coverage="100% (2/2)" />
            <line number="88" hits="36" branch="false" />
            <line number="89" hits="36" branch="false" />
            <line number="90" hits="36" branch="false" />
            <line number="91" hits="8" branch="false" />
            <line number="92" hits="10" branch="false" />
            <line number="95" hits="1" branch="false" />
            <line number="96" hits="1" branch="false" />
          </lines>
        </class>
      </classes>
    </package>
  </packages>
</coverage>