<?xml version="1.0" encoding="utf-8"?>
<!DOCTYPE coverage SYSTEM "http://cobertura.sourceforge.net/xml/coverage-04.dtd">
<coverage line-rate="0.972972972972973" branch-rate="1" lines-covered="36" lines-valid="37" branches-covered="6" branches-valid="6" complexity="9" version="0" timestamp="1723220795">
  <sources>
    <source>C:\Users\PC\</source>
  </sources>
  <packages>
    <package name="TestProject2" line-rate="0.972972972972973" branch-rate="1" complexity="9">
      <classes>
        <class name="AutoGeneratedProgram" filename="C:\Users\PC\.nuget\packages\microsoft.net.test.sdk\17.1.0\build\netcoreapp2.1\Microsoft.NET.Test.Sdk.Program.cs" line-rate="0" branch-rate="1" complexity="1">
          <methods>
            <method name="Main" signature="(...)" line-rate="0" branch-rate="1" complexity="1">
              <lines>
                <line number="4" hits="0" branch="false" />
              </lines>
            </method>
          </methods>
          <lines>
            <line number="4" hits="0" branch="false" />
          </lines>
        </class>
        <class name="TestProject2.WorkingWithWebTable" filename="C:\Users\PC\Desktop\2-SeleniumWebDriver\TestProject2\Table.cs" line-rate="1" branch-rate="1" complexity="8">
          <methods>
            <method name="SetUp" signature="()" line-rate="1" branch-rate="1" complexity="1">
              <lines>
                <line number="15" hits="1" branch="false" />
                <line number="17" hits="1" branch="false" />
                <line number="18" hits="1" branch="false" />
                <line number="19" hits="1" branch="false" />
                <line number="20" hits="1" branch="false" />
                <line number="21" hits="1" branch="false" />
                <line number="22" hits="1" branch="false" />
                <line number="23" hits="1" branch="false" />
                <line number="24" hits="1" branch="false" />
                <line number="26" hits="1" branch="false" />
                <line number="29" hits="1" branch="false" />
                <line number="30" hits="1" branch="false" />
              </lines>
            </method>
            <method name="TestExtractProductInformation" signature="()" line-rate="1" branch-rate="1" complexity="6">
              <lines>
                <line number="34" hits="1" branch="false" />
                <line number="36" hits="1" branch="false" />
                <line number="39" hits="1" branch="false" />
                <line number="42" hits="1" branch="false" />
                <line number="45" hits="1" branch="false" />
                <line number="48" hits="1" branch="true" condition-coverage="100% (2/2)" />
                <line number="49" hits="1" branch="false" />
                <line number="52" hits="9" branch="true" condition-coverage="100% (2/2)" />
                <line number="53" hits="3" branch="false" />
                <line number="54" hits="3" branch="false" />
                <line number="55" hits="27" branch="true" condition-coverage="100% (2/2)" />
                <line number="56" hits="9" branch="false" />
                <line number="58" hits="9" branch="false" />
                <line number="59" hits="9" branch="false" />
                <line number="60" hits="9" branch="false" />
                <line number="63" hits="9" branch="false" />
                <line number="64" hits="9" branch="false" />
                <line number="65" hits="3" branch="false" />
                <line number="68" hits="1" branch="false" />
                <line number="69" hits="1" branch="false" />
                <line number="70" hits="1" branch="false" />
              </lines>
            </method>
            <method name="TearDown" signature="()" line-rate="1" branch-rate="1" complexity="1">
              <lines>
                <line number="74" hits="1" branch="false" />
                <line number="76" hits="1" branch="false" />
                <line number="77" hits="1" branch="false" />
              </lines>
            </method>
          </methods>
          <lines>
            <line number="15" hits="1" branch="false" />
            <line number="17" hits="1" branch="false" />
            <line number="18" hits="1" branch="false" />
            <line number="19" hits="1" branch="false" />
            <line number="20" hits="1" branch="false" />
            <line number="21" hits="1" branch="false" />
            <line number="22" hits="1" branch="false" />
            <line number="23" hits="1" branch="false" />
            <line number="24" hits="1" branch="false" />
            <line number="26" hits="1" branch="false" />
            <line number="29" hits="1" branch="false" />
            <line number="30" hits="1" branch="false" />
            <line number="34" hits="1" branch="false" />
            <line number="36" hits="1" branch="false" />
            <line number="39" hits="1" branch="false" />
            <line number="42" hits="1" branch="false" />
            <line number="45" hits="1" branch="false" />
            <line number="48" hits="1" branch="true" condition-coverage="100% (2/2)" />
            <line number="49" hits="1" branch="false" />
            <line number="52" hits="9" branch="true" condition-coverage="100% (2/2)" />
            <line number="53" hits="3" branch="false" />
            <line number="54" hits="3" branch="false" />
            <line number="55" hits="27" branch="true" condition-coverage="100% (2/2)" />
            <line number="56" hits="9" branch="false" />
            <line number="58" hits="9" branch="false" />
            <line number="59" hits="9" branch="false" />
            <line number="60" hits="9" branch="false" />
            <line number="63" hits="9" branch="false" />
            <line number="64" hits="9" branch="false" />
            <line number="65" hits="3" branch="false" />
            <line number="68" hits="1" branch="false" />
            <line number="69" hits="1" branch="false" />
            <line number="70" hits="1" branch="false" />
            <line number="74" hits="1" branch="false" />
            <line number="76" hits="1" branch="false" />
            <line number="77" hits="1" branch="false" />
          </lines>
        </class>
      </classes>
    </package>
  </packages>
</coverage>